                  ___                
This is MUSCOD-II (Release 6.0, Revision 3148) |\    /| |    | /   \ 000000        
Copyright (C) 1995--2016, Simulation and Optimization Group |  \/  | |    | `---.       000     
 |      |  \__/  \___/          00   
Interdisciplinary Center for Scientific Computing (IWR)                                  00 
Heidelberg University, Germany 00               | |              00
 00               | |              00
 + MS-MINTOC extensions for mixed-integer optimal control  00              ___    ___    ___  
 + PRSQP Partially Reduced SQP Version [ ]    00           /   \  /   \  |   \ 
 + Algorithmic Extensions [ CLSQ LSQ ]      000       |      |     | |    |
         000000  \___/  \___/  |___/ 

Loading the following libraries dynamically:
/home/robotics2/Dev/MUSCOD_CLONE/MC2/Release/lib64/libmuscod_prsqp_den.so ... success.
/home/robotics2/Dev/MUSCOD_CLONE/MC2/Release/lib64/libmuscod_hess_update.so ... success.
/home/robotics2/Dev/MUSCOD_CLONE/MC2/Release/lib64/libmuscod_tchk.so ... success.
/home/robotics2/Dev/MUSCOD_CLONE/MC2/Release/lib64/libmuscod_solve_slse.so ... success.
/home/robotics2/Dev/MUSCOD_CLONE/MC2/Release/lib64/libmuscod_cond_std.so ... success.
/home/robotics2/Dev/MUSCOD_CLONE/MC2/Release/lib64/libmuscod_qps_qpopt.so ... success.
/home/robotics2/Dev/MUSCOD_CLONE/MC2/Release/lib64/libmuscod_mssqp_standard.so ... success.
/home/robotics2/Dev/MUSCOD_CLONE/MC2/Release/lib64/libmuscod_plot_pgplot.so ... success.
/home/robotics2/Dev/MUSCOD_CLONE/MC2/Release/lib64/libmuscod_eval_ind.so ... success.
/home/robotics2/Dev/MUSCOD_CLONE/MC2/Release/lib64/libmuscod_mintoc.so ... success.
./librocketcar.so ... success.
/home/robotics2/Dev/MUSCOD_CLONE/MC2/Release/lib64/libmuscod_ind_rkf45.so ... success.

>>>>  Dimensions of structured NLP problem:
                   # of discretization points NDIS =        21
                               # of variables NVAR =        83
                    # of equality constraints NEQ  =        63 (44 + 19)
                  # of inequality constraints NIN  =       166 (0 + 83*2)

>>>>  Parameters of MSSQP method:
                final accuracy of NLP solution ACC =  1.00E-06
                 initial integration tolerance     =  1.00E-08
  # of homotopy steps in integration tolerance     =         0
                   final integration tolerance TOL =  1.00E-08
    regularization factor (as multiple of ACC)     =  0.00E+00
    Levenberg Marquardt hessian regularization     =  0.00E+00
                   maximum # of SQP iterations     =       100
(no constraint relaxation)
RECALC_QP (1 of max 5; number of possible active bounds sd = 2, sa = 0)
(no constraint relaxation)

>>>>  Parameters of Hessian approximation method (BFGS update with Powell modification):
                              initial trust radius =   21.4982
                   initial diagonal scaling factor =  0.171877

>>>>  SQP iterations

 it qpit qpf   kkttol          sobj   |sinf|  |vstep|  |vstpr| |mulstp|       |lgrd|    alpha         merit crit stat
  0                    4.000000E+00 3.00E+02


****
**** SQP iteration 0
****
(no constraint relaxation)
  1   24 A   5.12E+00  3.970942E+00 1.04E-02 1.08E+01 0.00E+00 2.84E+01 3.200000E+00 1.00E+00  4.148394E+00  REL SUCC


****
**** SQP iteration 1
****
(no constraint relaxation)
  2   17 A   2.06E-02  3.950768E+00 3.56E-04 3.94E-01 0.00E+00 2.55E+01 1.508284E+01 1.00E+00  3.952257E+00  STD SUCC


****
**** SQP iteration 2
****
(no constraint relaxation)
  3    3 AP  4.23E-02  3.908438E+00 1.26E-03 7.95E-01 0.00E+00 1.76E+00 1.214344E+00 1.00E+00  3.911797E+00  STD SUCC


****
**** SQP iteration 3
****
(no constraint relaxation)
  4    1  P  1.20E-02  3.896432E+00 1.93E-04 5.15E-01 0.00E+00 4.68E-01 2.344877E-01 1.00E+00  3.896682E+00  STD SUCC


****
**** SQP iteration 4
****
(no constraint relaxation)
  5    2 AP  1.34E-02  3.883040E+00 2.31E-04 5.52E-01 0.00E+00 2.55E-01 9.054340E-02 1.00E+00  3.883246E+00  STD SUCC


****
**** SQP iteration 5
****
(no constraint relaxation)
  6    0  P  7.17E-05  3.883109E+00 5.27E-10 2.99E-04 0.00E+00 5.28E-02 7.220182E-03 1.00E+00  3.883109E+00  STD SUCC


****
**** SQP iteration 6
****
(no constraint relaxation)
  7    0  P  2.30E-10  3.883109E+00 8.81E-16 1.47E-09 0.00E+00 4.55E-04 3.316069E-04 1.00E+00  3.883109E+00  STD SUCC

****  convergence achieved  ****

>>>>  Operation counts for ODE solver RKF45S:
                   total # of function evaluations =      9005
                      total # of integration steps =       470
                         total # of rejected steps =         0

>>>>  Wall time statistics:
                      Sensitivity generation (IND) = 00:00.001 ( 6.46%)
                      Integration of inhomogeneity = 00:00.000 ( 0.00%)
                                 State integration = 00:00.000 ( 2.56%)
                              Constraint reduction = 00:00.000 ( 1.33%)
                                        Condensing = 00:00.005 (27.57%)
                         Solution of condensed QPs = 00:00.002 ( 9.86%)
                            Remaining calculations = 00:00.009 (52.23%)
                                             Total = 00:00.016

                                   Online graphics = 00:00.041 (71.58%)
                                       Grand Total = 00:00.058
