                  ___                
This is MUSCOD-II (Release 6.0, Revision 3148) |\    /| |    | /   \ 000000        
Copyright (C) 1995--2016, Simulation and Optimization Group |  \/  | |    | `---.       000     
 |      |  \__/  \___/          00   
Interdisciplinary Center for Scientific Computing (IWR)                                  00 
Heidelberg University, Germany 00               | |              00
 00               | |              00
 + MS-MINTOC extensions for mixed-integer optimal control  00              ___    ___    ___  
 + PRSQP Partially Reduced SQP Version [ ]    00           /   \  /   \  |   \ 
 + Algorithmic Extensions [ CLSQ LSQ ]      000       |      |     | |    |
         000000  \___/  \___/  |___/ 

Loading the following libraries dynamically:
/home/robotics2/Dev/MUSCOD_CLONE/MC2/Release/lib64/libmuscod_prsqp_den.so ... success.
/home/robotics2/Dev/MUSCOD_CLONE/MC2/Release/lib64/libmuscod_hess_update.so ... success.
/home/robotics2/Dev/MUSCOD_CLONE/MC2/Release/lib64/libmuscod_tchk.so ... success.
/home/robotics2/Dev/MUSCOD_CLONE/MC2/Release/lib64/libmuscod_solve_slse.so ... success.
/home/robotics2/Dev/MUSCOD_CLONE/MC2/Release/lib64/libmuscod_cond_std.so ... success.
/home/robotics2/Dev/MUSCOD_CLONE/MC2/Release/lib64/libmuscod_qps_qpopt.so ... success.
/home/robotics2/Dev/MUSCOD_CLONE/MC2/Release/lib64/libmuscod_mssqp_standard.so ... success.
/home/robotics2/Dev/MUSCOD_CLONE/MC2/Release/lib64/libmuscod_plot_pgplot.so ... success.
/home/robotics2/Dev/MUSCOD_CLONE/MC2/Release/lib64/libmuscod_eval_ind.so ... success.
/home/robotics2/Dev/MUSCOD_CLONE/MC2/Release/lib64/libmuscod_mintoc.so ... success.
./libbvp1.so ... success.
/home/robotics2/Dev/MUSCOD_CLONE/MC2/Release/lib64/libmuscod_ind_rkf45.so ... success.

>>>>  Dimensions of structured NLP problem:
                   # of discretization points NDIS =        21
                               # of variables NVAR =        42
                    # of equality constraints NEQ  =        42 (42 + 0)
                  # of inequality constraints NIN  =        84 (0 + 42*2)

>>>>  Parameters of MSSQP method:
                final accuracy of NLP solution ACC =  1.00E-06
                 initial integration tolerance     =  1.00E-08
  # of homotopy steps in integration tolerance     =         0
                   final integration tolerance TOL =  1.00E-08
    regularization factor (as multiple of ACC)     =  0.00E+00
    Levenberg Marquardt hessian regularization     =  0.00E+00
                   maximum # of SQP iterations     =       100
(no constraint relaxation)

>>>>  Parameters of Hessian approximation method (BFGS update with Powell modification):
                              initial trust radius =   1.14564
                   initial diagonal scaling factor =   8.06326

>>>>  SQP iterations

 it qpit qpf   kkttol          sobj   |sinf|  |vstep|  |vstpr| |mulstp|       |lgrd|    alpha         merit crit stat
  0                    5.000000E-01 1.00E+00


****
**** SQP iteration 0
****
(no constraint relaxation)
  1    0 A   1.82E+00  1.290620E-13 5.08E-07 5.73E-01 0.00E+00 5.40E+01 8.000000E+00 1.00E+00  1.740070E-05  REL SUCC


****
**** SQP iteration 1
****
(no constraint relaxation)
  2    0 A   7.39E-12  4.242909E-30 2.91E-15 6.10E-06 0.00E+00 5.40E+01 8.319053E+00 1.00E+00  6.237037E-14  STD SUCC

****  convergence achieved  ****

>>>>  Operation counts for ODE solver RKF45S:
                   total # of function evaluations =      1880
                      total # of integration steps =       160
                         total # of rejected steps =        40

>>>>  Wall time statistics:
                      Sensitivity generation (IND) = 00:00.000 ( 3.65%)
                      Integration of inhomogeneity = 00:00.000 ( 0.00%)
                                 State integration = 00:00.000 ( 2.40%)
                              Constraint reduction = 00:00.000 ( 1.16%)
                                        Condensing = 00:00.001 (17.61%)
                         Solution of condensed QPs = 00:00.000 ( 4.46%)
                            Remaining calculations = 00:00.003 (70.73%)
                                             Total = 00:00.005

                                   Online graphics = 00:00.014 (74.46%)
                                       Grand Total = 00:00.018
