                  ___                
This is MUSCOD-II (Release 6.0, Revision 3148) |\    /| |    | /   \ 000000        
Copyright (C) 1995--2016, Simulation and Optimization Group |  \/  | |    | `---.       000     
 |      |  \__/  \___/          00   
Interdisciplinary Center for Scientific Computing (IWR)                                  00 
Heidelberg University, Germany 00               | |              00
 00               | |              00
 + MS-MINTOC extensions for mixed-integer optimal control  00              ___    ___    ___  
 + PRSQP Partially Reduced SQP Version [ ]    00           /   \  /   \  |   \ 
 + Algorithmic Extensions [ CLSQ LSQ ]      000       |      |     | |    |
         000000  \___/  \___/  |___/ 

Loading the following libraries dynamically:
/home/robotics2/Dev/MUSCOD_CLONE/MC2/Release/lib64/libmuscod_prsqp_den.so ... success.
/home/robotics2/Dev/MUSCOD_CLONE/MC2/Release/lib64/libmuscod_hess_update.so ... success.
/home/robotics2/Dev/MUSCOD_CLONE/MC2/Release/lib64/libmuscod_tchk.so ... success.
/home/robotics2/Dev/MUSCOD_CLONE/MC2/Release/lib64/libmuscod_solve_slse.so ... success.
/home/robotics2/Dev/MUSCOD_CLONE/MC2/Release/lib64/libmuscod_cond_std.so ... success.
/home/robotics2/Dev/MUSCOD_CLONE/MC2/Release/lib64/libmuscod_qps_qpopt.so ... success.
/home/robotics2/Dev/MUSCOD_CLONE/MC2/Release/lib64/libmuscod_mssqp_standard.so ... success.
/home/robotics2/Dev/MUSCOD_CLONE/MC2/Release/lib64/libmuscod_plot_pgplot.so ... success.
/home/robotics2/Dev/MUSCOD_CLONE/MC2/Release/lib64/libmuscod_eval_ind.so ... success.
/home/robotics2/Dev/MUSCOD_CLONE/MC2/Release/lib64/libmuscod_mintoc.so ... success.
./libcart_pendulum.so ... success.
/home/robotics2/Dev/MUSCOD_CLONE/MC2/Release/lib64/libmuscod_ind_rkf45.so ... success.

>>>>  Dimensions of structured NLP problem:
                   # of discretization points NDIS =        21
                               # of variables NVAR =       125
                    # of equality constraints NEQ  =       107 (88 + 19)
                  # of inequality constraints NIN  =       250 (0 + 125*2)

>>>>  Parameters of MSSQP method:
                final accuracy of NLP solution ACC =  1.00E-05
                 initial integration tolerance     =  1.00E-07
  # of homotopy steps in integration tolerance     =         0
                   final integration tolerance TOL =  1.00E-07
    regularization factor (as multiple of ACC)     =  0.00E+00
    Levenberg Marquardt hessian regularization     =  0.00E+00
                   maximum # of SQP iterations     =      1000
(no constraint relaxation)

>>>>  Parameters of Hessian approximation method (BFGS update with Powell modification):
                              initial trust radius =   102.051
                   initial diagonal scaling factor = 0.00113149

>>>>  SQP iterations

 it qpit qpf   kkttol          sobj   |sinf|  |vstep|  |vstpr| |mulstp|       |lgrd|    alpha         merit crit stat
  0                    3.700000E-03 2.21E+01


****
**** SQP iteration 0
****
(no constraint relaxation)
  1   18 A   2.41E-01  1.444348E-03 7.63E+00 5.10E+01 0.00E+00 2.29E+00 1.000000E-03 1.00E+00  6.086538E+00  REL SUCC


****
**** SQP iteration 1
****
The upper constraint bound 4 is violated by more than feasibilty tolerance: UB 896.996 - var 896.996 = 1.13687e-13
The upper constraint bound 6 is violated by more than feasibilty tolerance: UB 1151.03 - var 1151.03 = 2.27374e-13
The upper constraint bound 7 is violated by more than feasibilty tolerance: UB -1173.53 - var -1173.53 = 0
  2   37 A R 8.33E+00  1.102452E-03 2.84E+02 9.81E+01 0.00E+00 2.91E+02 1.461825E+00 1.00E+00  2.456795E+02  STD SUCC


****
**** SQP iteration 2
****
The lower constraint bound 4 is violated by more than feasibilty tolerance: var 107.768 - LB 107.768 = 8.52651e-14
The upper constraint bound 5 is violated by more than feasibilty tolerance: UB -293.506 - var -293.506 = -5.68434e-14
The lower constraint bound 6 is violated by more than feasibilty tolerance: var 84.2466 - LB 84.2466 = 0
The upper constraint bound 7 is violated by more than feasibilty tolerance: UB -378.388 - var -378.388 = 0
(no constraint relaxation)
The lower constraint bound 4 is violated by more than feasibilty tolerance: var 107.768 - LB 107.768 = -1.42109e-14
The upper constraint bound 5 is violated by more than feasibilty tolerance: UB -293.506 - var -293.506 = 5.68434e-14
The lower constraint bound 6 is violated by more than feasibilty tolerance: var 84.2466 - LB 84.2466 = 0
The upper constraint bound 7 is violated by more than feasibilty tolerance: UB -378.388 - var -378.388 = 5.68434e-14
  3   62 APR 1.37E+01  1.657865E-03 6.87E+02 2.35E+01 0.00E+00 2.01E+03 6.524710E+01 5.00E-01  6.940514E+02  STD SUCC


****
**** SQP iteration 3
****
(no constraint relaxation)
  4   36 AP  1.95E+02  1.693609E-03 7.60E+00 7.01E+01 0.00E+00 2.19E+03 3.433894E+03 1.00E+00  1.235285E+03  STD SUCC


****
**** SQP iteration 4
****
(no constraint relaxation)
  5   21 AP  7.36E+01  1.962259E-03 4.31E+00 8.40E+01 0.00E+00 3.70E+03 1.501904E+03 1.00E+00  2.716525E+03  STD SUCC


****
**** SQP iteration 5
****
(no constraint relaxation)
  6   11 AP  1.58E+01  2.159507E-03 2.75E-01 5.04E+01 0.00E+00 2.54E+03 3.056848E+03 1.00E+00  2.277018E+02  STD SUCC


****
**** SQP iteration 6
****
(no constraint relaxation)
  7    7 AP  1.42E-01  2.162388E-03 5.67E-03 5.18E+00 0.00E+00 1.93E+03 1.670280E+03 1.00E+00  5.989823E-01  STD SUCC


****
**** SQP iteration 7
****
(no constraint relaxation)
  8    4 AP  2.08E-06  2.162457E-03 2.48E-06 2.17E-01 0.00E+00 1.49E+02 9.857000E+01 1.00E+00  2.291062E-03  STD SUCC

****  convergence achieved  ****

>>>>  Operation counts for ODE solver RKF45S:
                   total # of function evaluations =     45865
                      total # of integration steps =      1873
                         total # of rejected steps =       377

>>>>  Wall time statistics:
                      Sensitivity generation (IND) = 00:00.076 (63.57%)
                      Integration of inhomogeneity = 00:00.000 ( 0.00%)
                                 State integration = 00:00.016 (13.65%)
                              Constraint reduction = 00:00.000 ( 0.22%)
                                        Condensing = 00:00.008 ( 6.62%)
                         Solution of condensed QPs = 00:00.004 ( 3.33%)
                            Remaining calculations = 00:00.015 (12.60%)
                                             Total = 00:00.120

                                   Online graphics = 00:03.892 (97.00%)
                                       Grand Total = 00:04.013
