                  ___                
This is MUSCOD-II (Release 6.0, Revision 3148) |\    /| |    | /   \ 000000        
Copyright (C) 1995--2016, Simulation and Optimization Group |  \/  | |    | `---.       000     
 |      |  \__/  \___/          00   
Interdisciplinary Center for Scientific Computing (IWR)                                  00 
Heidelberg University, Germany 00               | |              00
 00               | |              00
 + MS-MINTOC extensions for mixed-integer optimal control  00              ___    ___    ___  
 + PRSQP Partially Reduced SQP Version [ ]    00           /   \  /   \  |   \ 
 + Algorithmic Extensions [ CLSQ LSQ ]      000       |      |     | |    |
         000000  \___/  \___/  |___/ 

Loading the following libraries dynamically:
/home/robotics2/Dev/MUSCOD_CLONE/MC2/Release/lib64/libmuscod_prsqp_den.so ... success.
/home/robotics2/Dev/MUSCOD_CLONE/MC2/Release/lib64/libmuscod_hess_update.so ... success.
/home/robotics2/Dev/MUSCOD_CLONE/MC2/Release/lib64/libmuscod_tchk.so ... success.
/home/robotics2/Dev/MUSCOD_CLONE/MC2/Release/lib64/libmuscod_solve_slse.so ... success.
/home/robotics2/Dev/MUSCOD_CLONE/MC2/Release/lib64/libmuscod_cond_std.so ... success.
/home/robotics2/Dev/MUSCOD_CLONE/MC2/Release/lib64/libmuscod_qps_qpopt.so ... success.
/home/robotics2/Dev/MUSCOD_CLONE/MC2/Release/lib64/libmuscod_mssqp_standard.so ... success.
/home/robotics2/Dev/MUSCOD_CLONE/MC2/Release/lib64/libmuscod_plot_pgplot.so ... success.
/home/robotics2/Dev/MUSCOD_CLONE/MC2/Release/lib64/libmuscod_eval_ind.so ... success.
/home/robotics2/Dev/MUSCOD_CLONE/MC2/Release/lib64/libmuscod_mintoc.so ... success.
./libhoppingrobot.so ... success.
/home/robotics2/Dev/MUSCOD_CLONE/MC2/Release/lib64/libmuscod_ind_rkf45.so ... success.
/home/robotics2/Dev/MUSCOD_CLONE/MC2/Release/lib64/libmuscod_ind_strans.so ... success.
/home/robotics2/Dev/MUSCOD_CLONE/MC2/Release/lib64/libmuscod_ind_rkf45.so ... success.

>>>>  Dimensions of structured NLP problem:
                   # of discretization points NDIS =        22
                               # of variables NVAR =       133
                    # of equality constraints NEQ  =       108 (89 + 19)
                  # of inequality constraints NIN  =       287 (21 + 133*2)

>>>>  Parameters of MSSQP method:
                final accuracy of NLP solution ACC =  1.00E-06
                 initial integration tolerance     =  1.00E-08
  # of homotopy steps in integration tolerance     =         0
                   final integration tolerance TOL =  1.00E-08
    regularization factor (as multiple of ACC)     =  0.00E+00
    Levenberg Marquardt hessian regularization     =  0.00E+00
                   maximum # of SQP iterations     =       400
RECALC_QP (1 of max 5; number of possible active bounds sd = 11, sa = 0)

>>>>  Parameters of Hessian approximation method (BFGS update with Powell modification):
                              initial trust radius =   490.866
                   initial diagonal scaling factor = 0.0338742

>>>>  SQP iterations

 it qpit qpf   kkttol          sobj   |sinf|  |vstep|  |vstpr| |mulstp|       |lgrd|    alpha         merit crit stat
  0                    2.880000E+01 6.04E+00


****
**** SQP iteration 0
****
  1   58 A R 9.45E+01  1.910654E+01 3.72E+00 1.49E+02 0.00E+00 6.14E+03 1.440000E+01 1.00E+00  4.258700E+03  REL SUCC


****
**** SQP iteration 1
****
  2   54 A R 9.66E+03  1.330814E+02 6.44E+00 6.85E+02 0.00E+00 3.28E+05 2.001738E+03 1.00E+00  2.025978E+05  STD SUCC


****
**** SQP iteration 2
****
  3   73 APR 4.85E+01  1.684077E+02 6.77E+00 8.19E+02 0.00E+00 3.31E+05 1.956682E+04 1.00E+00  1.014497E+05  STD SUCC


****
**** SQP iteration 3
****
RECALC_QP (1 of max 5; number of possible active bounds sd = 13, sa = 0)
  4  145 A R 9.42E+05  1.443280E+02 6.20E+00 1.13E+03 0.00E+00 3.64E+07 8.270835E+03 5.00E-01  1.292203E+05  STD SUCC


****
**** SQP iteration 4
****
  5   68 APR 1.36E+05  1.231458E+02 5.07E+00 5.70E+02 0.00E+00 3.24E+07 5.820139E+06 1.00E+00  5.982195E+05  STD SUCC


****
**** SQP iteration 5
****
  6   63 APR 5.81E+01  1.221606E+02 5.00E+00 1.37E+02 0.00E+00 4.35E+06 1.030981E+06 1.00E+00  1.571986E+04  STD SUCC


****
**** SQP iteration 6
****
  7   54 APR 2.31E-01  1.219464E+02 5.00E+00 6.73E+00 0.00E+00 7.11E+04 1.048355E+04 1.00E+00  5.814681E+03  STD SUCC


****
**** SQP iteration 7
****
  8  172 APR 1.18E+00  1.206897E+02 5.00E+00 2.07E+01 0.00E+00 3.79E+02 1.469242E+02 1.00E+00  2.964766E+03  STD SUCC


****
**** SQP iteration 8
****
  9  155  PR 4.53E+00  1.155104E+02 5.00E+00 4.22E+01 0.00E+00 6.38E+02 2.582923E+02 1.00E+00  1.540399E+03  STD SUCC


****
**** SQP iteration 9
****

 it qpit qpf   kkttol          sobj   |sinf|  |vstep|  |vstpr| |mulstp|       |lgrd|    alpha         merit crit stat
 10  158 APR 1.36E+01  9.887529E+01 5.00E+00 5.67E+01 0.00E+00 8.56E+02 3.328181E+02 1.00E+00  8.244597E+02  STD SUCC


****
**** SQP iteration 10
****
 11  148 APR 6.83E+00  1.026201E+02 5.00E+00 1.12E+02 0.00E+00 9.08E+02 4.398734E+02 6.32E-02  5.828419E+02  STD SUCC


****
**** SQP iteration 11
****
 12  152 APR 5.05E+01  8.992167E+01 5.00E+00 3.85E+02 0.00E+00 1.04E+03 8.661197E+01 2.60E-01  3.279898E+02  STD SUCC


****
**** SQP iteration 12
****
 13  169 APR 1.41E+01  8.975093E+01 5.00E+00 2.24E+02 0.00E+00 1.50E+03 4.308388E+02 1.21E-02  2.092545E+02  STD SUCC


****
**** SQP iteration 13
****
 14  133 APR 3.81E+01  8.655593E+01 5.00E+00 4.17E+02 0.00E+00 7.63E+02 2.759513E+02 8.45E-02  1.493039E+02  STD SUCC


****
**** SQP iteration 14
****
 15  148 APR 1.63E+01  8.619550E+01 5.00E+00 1.20E+02 0.00E+00 1.99E+03 4.750851E+01 2.22E-02  1.182903E+02  STD SUCC


****
**** SQP iteration 15
****
 16  153 APR 1.77E+01  8.529212E+01 5.00E+00 3.05E+02 0.00E+00 2.17E+03 4.783568E+01 5.13E-02  1.027833E+02  STD SUCC


****
**** SQP iteration 16
****
 17  179 APR 1.41E+01  8.478412E+01 5.00E+00 1.22E+02 0.00E+00 1.67E+03 3.938840E+02 3.62E-02  9.476802E+01  STD SUCC


****
**** SQP iteration 17
****
 18  156 APR 1.10E+01  8.426677E+01 5.00E+00 1.50E+02 0.00E+00 2.94E+02 2.772092E+02 4.71E-02  9.032560E+01  STD SUCC


****
**** SQP iteration 18
****
 19  145 APR 7.71E+00  8.389357E+01 5.00E+00 1.62E+02 0.00E+00 1.47E+02 1.189228E+02 4.86E-02  8.778703E+01  STD SUCC


****
**** SQP iteration 19
****

 it qpit qpf   kkttol          sobj   |sinf|  |vstep|  |vstpr| |mulstp|       |lgrd|    alpha         merit crit stat
 20  146 APR 5.00E+00  8.368455E+01 5.00E+00 1.29E+02 0.00E+00 9.22E+01 9.045135E+01 4.21E-02  8.637031E+01  STD SUCC


****
**** SQP iteration 20
****
*** WARNING ***
SOLVE_SLSE/solve_subp(): maximum number of line search iterations exceeded
 21  152 APR 1.00E-06  8.368455E+01 5.00E+00 5.76E+01 0.00E+00 1.34E+03 7.973644E+01 0.00E+00  8.637031E+01  STD 
****  convergence achieved  ****

>>>>  Operation counts for ODE solver RKF45S:
                   total # of function evaluations =     42807
                      total # of integration steps =      3127
                         total # of rejected steps =       142

>>>>  Operation counts for stage transition solver STRANS:
                   total # of function evaluations =       282
                      total # of integration steps =       135

>>>>  Wall time statistics:
                      Sensitivity generation (IND) = 00:00.075 (32.40%)
                      Integration of inhomogeneity = 00:00.000 ( 0.00%)
                                 State integration = 00:00.048 (20.84%)
                              Constraint reduction = 00:00.001 ( 0.28%)
                                        Condensing = 00:00.033 (14.23%)
                         Solution of condensed QPs = 00:00.033 (14.18%)
                            Remaining calculations = 00:00.042 (18.08%)
                                             Total = 00:00.230

                                   Online graphics = 00:12.322 (98.16%)
                                       Grand Total = 00:12.552
